This is pdfTeX, Version 3.141592653-2.6-1.40.26 (MiKTeX 24.4) (preloaded format=pdflatex 2025.2.23)  20 APR 2025 10:22
entering extended mode
 restricted \write18 enabled.
 file:line:error style messages enabled.
 %&-line parsing enabled.
**c:/Users/Sangf/OneDrive/Desktop/CODE/flask/document_v1/conference_101719.tex
(c:/Users/Sangf/OneDrive/Desktop/CODE/flask/document_v1/conference_101719.tex
LaTeX2e <2024-11-01> patch level 2
L3 programming layer <2025-01-18>
(IEEEtran.cls
Document Class: IEEEtran 2015/08/26 V1.8b by Michael Shell
-- See the "IEEEtran_HOWTO" manual for usage information.
-- http://www.michaelshell.org/tex/ieeetran/
\@IEEEtrantmpdimenA=\dimen141
\@IEEEtrantmpdimenB=\dimen142
\@IEEEtrantmpdimenC=\dimen143
\@IEEEtrantmpcountA=\count196
\@IEEEtrantmpcountB=\count197
\@IEEEtrantmpcountC=\count198
\@IEEEtrantmptoksA=\toks17
LaTeX Font Info:    Trying to load font information for OT1+ptm on input line 503.
(C:\Users\Sangf\AppData\Local\Programs\MiKTeX\tex/latex/psnfss\ot1ptm.fd
File: ot1ptm.fd 2001/06/04 font definitions for OT1/ptm.
)
-- Using 8.5in x 11in (letter) paper.
-- Using PDF output.
\@IEEEnormalsizeunitybaselineskip=\dimen144
-- This is a 10 point document.
\CLASSINFOnormalsizebaselineskip=\dimen145
\CLASSINFOnormalsizeunitybaselineskip=\dimen146
\IEEEnormaljot=\dimen147
LaTeX Font Info:    Font shape `OT1/ptm/bx/n' in size <5> not available
(Font)              Font shape `OT1/ptm/b/n' tried instead on input line 1090.
LaTeX Font Info:    Font shape `OT1/ptm/bx/it' in size <5> not available
(Font)              Font shape `OT1/ptm/b/it' tried instead on input line 1090.
LaTeX Font Info:    Font shape `OT1/ptm/bx/n' in size <7> not available
(Font)              Font shape `OT1/ptm/b/n' tried instead on input line 1090.
LaTeX Font Info:    Font shape `OT1/ptm/bx/it' in size <7> not available
(Font)              Font shape `OT1/ptm/b/it' tried instead on input line 1090.
LaTeX Font Info:    Font shape `OT1/ptm/bx/n' in size <8> not available
(Font)              Font shape `OT1/ptm/b/n' tried instead on input line 1090.
LaTeX Font Info:    Font shape `OT1/ptm/bx/it' in size <8> not available
(Font)              Font shape `OT1/ptm/b/it' tried instead on input line 1090.
LaTeX Font Info:    Font shape `OT1/ptm/bx/n' in size <9> not available
(Font)              Font shape `OT1/ptm/b/n' tried instead on input line 1090.
LaTeX Font Info:    Font shape `OT1/ptm/bx/it' in size <9> not available
(Font)              Font shape `OT1/ptm/b/it' tried instead on input line 1090.
LaTeX Font Info:    Font shape `OT1/ptm/bx/n' in size <10> not available
(Font)              Font shape `OT1/ptm/b/n' tried instead on input line 1090.
LaTeX Font Info:    Font shape `OT1/ptm/bx/it' in size <10> not available
(Font)              Font shape `OT1/ptm/b/it' tried instead on input line 1090.
LaTeX Font Info:    Font shape `OT1/ptm/bx/n' in size <11> not available
(Font)              Font shape `OT1/ptm/b/n' tried instead on input line 1090.
LaTeX Font Info:    Font shape `OT1/ptm/bx/it' in size <11> not available
(Font)              Font shape `OT1/ptm/b/it' tried instead on input line 1090.
LaTeX Font Info:    Font shape `OT1/ptm/bx/n' in size <12> not available
(Font)              Font shape `OT1/ptm/b/n' tried instead on input line 1090.
LaTeX Font Info:    Font shape `OT1/ptm/bx/it' in size <12> not available
(Font)              Font shape `OT1/ptm/b/it' tried instead on input line 1090.
LaTeX Font Info:    Font shape `OT1/ptm/bx/n' in size <17> not available
(Font)              Font shape `OT1/ptm/b/n' tried instead on input line 1090.
LaTeX Font Info:    Font shape `OT1/ptm/bx/it' in size <17> not available
(Font)              Font shape `OT1/ptm/b/it' tried instead on input line 1090.
LaTeX Font Info:    Font shape `OT1/ptm/bx/n' in size <20> not available
(Font)              Font shape `OT1/ptm/b/n' tried instead on input line 1090.
LaTeX Font Info:    Font shape `OT1/ptm/bx/it' in size <20> not available
(Font)              Font shape `OT1/ptm/b/it' tried instead on input line 1090.
LaTeX Font Info:    Font shape `OT1/ptm/bx/n' in size <24> not available
(Font)              Font shape `OT1/ptm/b/n' tried instead on input line 1090.
LaTeX Font Info:    Font shape `OT1/ptm/bx/it' in size <24> not available
(Font)              Font shape `OT1/ptm/b/it' tried instead on input line 1090.
\IEEEquantizedlength=\dimen148
\IEEEquantizedlengthdiff=\dimen149
\IEEEquantizedtextheightdiff=\dimen150
\IEEEilabelindentA=\dimen151
\IEEEilabelindentB=\dimen152
\IEEEilabelindent=\dimen153
\IEEEelabelindent=\dimen154
\IEEEdlabelindent=\dimen155
\IEEElabelindent=\dimen156
\IEEEiednormlabelsep=\dimen157
\IEEEiedmathlabelsep=\dimen158
\IEEEiedtopsep=\skip49
\c@section=\count199
\c@subsection=\count266
\c@subsubsection=\count267
\c@paragraph=\count268
\c@IEEEsubequation=\count269
\abovecaptionskip=\skip50
\belowcaptionskip=\skip51
\c@figure=\count270
\c@table=\count271
\@IEEEeqnnumcols=\count272
\@IEEEeqncolcnt=\count273
\@IEEEsubeqnnumrollback=\count274
\@IEEEquantizeheightA=\dimen159
\@IEEEquantizeheightB=\dimen160
\@IEEEquantizeheightC=\dimen161
\@IEEEquantizeprevdepth=\dimen162
\@IEEEquantizemultiple=\count275
\@IEEEquantizeboxA=\box52
\@IEEEtmpitemindent=\dimen163
\IEEEPARstartletwidth=\dimen164
\c@IEEEbiography=\count276
\@IEEEtranrubishbin=\box53
)
** ATTENTION: Overriding command lockouts (line 2).
(C:\Users\Sangf\AppData\Local\Programs\MiKTeX\tex/latex/cite\cite.sty
LaTeX Info: Redefining \cite on input line 302.
LaTeX Info: Redefining \nocite on input line 332.
Package: cite 2015/02/27  v 5.5
) (C:\Users\Sangf\AppData\Local\Programs\MiKTeX\tex/latex/amsmath\amsmath.sty
Package: amsmath 2024/11/05 v2.17t AMS math features
\@mathmargin=\skip52

For additional information on amsmath, use the `?' option.
(C:\Users\Sangf\AppData\Local\Programs\MiKTeX\tex/latex/amsmath\amstext.sty
Package: amstext 2021/08/26 v2.01 AMS text
 (C:\Users\Sangf\AppData\Local\Programs\MiKTeX\tex/latex/amsmath\amsgen.sty
File: amsgen.sty 1999/11/30 v2.0 generic functions
\@emptytoks=\toks18
\ex@=\dimen165
)) (C:\Users\Sangf\AppData\Local\Programs\MiKTeX\tex/latex/amsmath\amsbsy.sty
Package: amsbsy 1999/11/29 v1.2d Bold Symbols
\pmbraise@=\dimen166
) (C:\Users\Sangf\AppData\Local\Programs\MiKTeX\tex/latex/amsmath\amsopn.sty
Package: amsopn 2022/04/08 v2.04 operator names
)
\inf@bad=\count277
LaTeX Info: Redefining \frac on input line 233.
\uproot@=\count278
\leftroot@=\count279
LaTeX Info: Redefining \overline on input line 398.
LaTeX Info: Redefining \colon on input line 409.
\classnum@=\count280
\DOTSCASE@=\count281
LaTeX Info: Redefining \ldots on input line 495.
LaTeX Info: Redefining \dots on input line 498.
LaTeX Info: Redefining \cdots on input line 619.
\Mathstrutbox@=\box54
\strutbox@=\box55
LaTeX Info: Redefining \big on input line 721.
LaTeX Info: Redefining \Big on input line 722.
LaTeX Info: Redefining \bigg on input line 723.
LaTeX Info: Redefining \Bigg on input line 724.
\big@size=\dimen167
LaTeX Font Info:    Redeclaring font encoding OML on input line 742.
LaTeX Font Info:    Redeclaring font encoding OMS on input line 743.
\macc@depth=\count282
LaTeX Info: Redefining \bmod on input line 904.
LaTeX Info: Redefining \pmod on input line 909.
LaTeX Info: Redefining \smash on input line 939.
LaTeX Info: Redefining \relbar on input line 969.
LaTeX Info: Redefining \Relbar on input line 970.
\c@MaxMatrixCols=\count283
\dotsspace@=\muskip17
\c@parentequation=\count284
\dspbrk@lvl=\count285
\tag@help=\toks19
\row@=\count286
\column@=\count287
\maxfields@=\count288
\andhelp@=\toks20
\eqnshift@=\dimen168
\alignsep@=\dimen169
\tagshift@=\dimen170
\tagwidth@=\dimen171
\totwidth@=\dimen172
\lineht@=\dimen173
\@envbody=\toks21
\multlinegap=\skip53
\multlinetaggap=\skip54
\mathdisplay@stack=\toks22
LaTeX Info: Redefining \[ on input line 2953.
LaTeX Info: Redefining \] on input line 2954.
) (C:\Users\Sangf\AppData\Local\Programs\MiKTeX\tex/latex/amsfonts\amssymb.sty
Package: amssymb 2013/01/14 v3.01 AMS font symbols
 (C:\Users\Sangf\AppData\Local\Programs\MiKTeX\tex/latex/amsfonts\amsfonts.sty
Package: amsfonts 2013/01/14 v3.01 Basic AMSFonts support
\symAMSa=\mathgroup4
\symAMSb=\mathgroup5
LaTeX Font Info:    Redeclaring math symbol \hbar on input line 98.
LaTeX Font Info:    Overwriting math alphabet `\mathfrak' in version `bold'
(Font)                  U/euf/m/n --> U/euf/b/n on input line 106.
)) (C:\Users\Sangf\AppData\Local\Programs\MiKTeX\tex/latex/algorithms\algorithmic.sty
Package: algorithmic 2009/08/24 v0.1 Document Style `algorithmic'
 (C:\Users\Sangf\AppData\Local\Programs\MiKTeX\tex/latex/base\ifthen.sty
Package: ifthen 2024/03/16 v1.1e Standard LaTeX ifthen package (DPC)
) (C:\Users\Sangf\AppData\Local\Programs\MiKTeX\tex/latex/graphics\keyval.sty
Package: keyval 2022/05/29 v1.15 key=value parser (DPC)
\KV@toks@=\toks23
)
\c@ALC@unique=\count289
\c@ALC@line=\count290
\c@ALC@rem=\count291
\c@ALC@depth=\count292
\ALC@tlm=\skip55
\algorithmicindent=\skip56
) (C:\Users\Sangf\AppData\Local\Programs\MiKTeX\tex/latex/graphics\graphicx.sty
Package: graphicx 2021/09/16 v1.2d Enhanced LaTeX Graphics (DPC,SPQR)
 (C:\Users\Sangf\AppData\Local\Programs\MiKTeX\tex/latex/graphics\graphics.sty
Package: graphics 2024/08/06 v1.4g Standard LaTeX Graphics (DPC,SPQR)
 (C:\Users\Sangf\AppData\Local\Programs\MiKTeX\tex/latex/graphics\trig.sty
Package: trig 2023/12/02 v1.11 sin cos tan (DPC)
) (C:\Users\Sangf\AppData\Local\Programs\MiKTeX\tex/latex/graphics-cfg\graphics.cfg
File: graphics.cfg 2016/06/04 v1.11 sample graphics configuration
)
Package graphics Info: Driver file: pdftex.def on input line 106.
 (C:\Users\Sangf\AppData\Local\Programs\MiKTeX\tex/latex/graphics-def\pdftex.def
File: pdftex.def 2024/04/13 v1.2c Graphics/color driver for pdftex
))
\Gin@req@height=\dimen174
\Gin@req@width=\dimen175
) (C:\Users\Sangf\AppData\Local\Programs\MiKTeX\tex/latex/base\textcomp.sty
Package: textcomp 2024/04/24 v2.1b Standard LaTeX package
) (C:\Users\Sangf\AppData\Local\Programs\MiKTeX\tex/latex/xcolor\xcolor.sty
Package: xcolor 2024/09/29 v3.02 LaTeX color extensions (UK)
 (C:\Users\Sangf\AppData\Local\Programs\MiKTeX\tex/latex/graphics-cfg\color.cfg
File: color.cfg 2016/01/02 v1.6 sample color configuration
)
Package xcolor Info: Driver file: pdftex.def on input line 274.
 (C:\Users\Sangf\AppData\Local\Programs\MiKTeX\tex/latex/graphics\mathcolor.ltx)
Package xcolor Info: Model `cmy' substituted by `cmy0' on input line 1349.
Package xcolor Info: Model `hsb' substituted by `rgb' on input line 1353.
Package xcolor Info: Model `RGB' extended on input line 1365.
Package xcolor Info: Model `HTML' substituted by `rgb' on input line 1367.
Package xcolor Info: Model `Hsb' substituted by `hsb' on input line 1368.
Package xcolor Info: Model `tHsb' substituted by `hsb' on input line 1369.
Package xcolor Info: Model `HSB' substituted by `hsb' on input line 1370.
Package xcolor Info: Model `Gray' substituted by `gray' on input line 1371.
Package xcolor Info: Model `wave' substituted by `hsb' on input line 1372.
) (C:\Users\Sangf\AppData\Local\Programs\MiKTeX\tex/latex/colortbl\colortbl.sty
Package: colortbl 2024/07/06 v1.0i Color table columns (DPC)
 (C:\Users\Sangf\AppData\Local\Programs\MiKTeX\tex/latex/tools\array.sty
Package: array 2024/10/17 v2.6g Tabular extension package (FMi)
\col@sep=\dimen176
\ar@mcellbox=\box56
\extrarowheight=\dimen177
\NC@list=\toks24
\extratabsurround=\skip57
\backup@length=\skip58
\ar@cellbox=\box57
)
\everycr=\toks25
\minrowclearance=\skip59
\rownum=\count293
) (C:\Users\Sangf\AppData\Local\Programs\MiKTeX\tex/latex/base\inputenc.sty
Package: inputenc 2024/02/08 v1.3d Input encoding file
\inpenc@prehook=\toks26
\inpenc@posthook=\toks27
) (C:\Users\Sangf\AppData\Local\Programs\MiKTeX\tex/generic/babel\babel.sty
Package: babel 2025/02/14 v25.4 The multilingual framework for pdfLaTeX, LuaLaTeX and XeLaTeX
\babel@savecnt=\count294
\U@D=\dimen178
\l@unhyphenated=\language79
 (C:\Users\Sangf\AppData\Local\Programs\MiKTeX\tex/generic/babel\txtbabel.def)
\bbl@readstream=\read2
\bbl@dirlevel=\count295

*************************************
* Local config file bblopts.cfg used
*
(C:\Users\Sangf\AppData\Local\Programs\MiKTeX\tex/latex/arabi\bblopts.cfg
File: bblopts.cfg 2005/09/08 v0.1 add Arabic and Farsi to "declared" options of babel
) (C:\Users\Sangf\AppData\Local\Programs\MiKTeX\tex/latex/babel-vietnamese\vietnamese.ldf
Language: vietnamese 


Package babel Warning: No hyphenation patterns were preloaded for
(babel)                the language 'Vietnamese' into the format.
(babel)                Please, configure your TeX system to add them and
(babel)                rebuild the format. Now I will use the patterns
(babel)                preloaded for \language=0 instead on input line 36.

Package babel Info: Hyphen rules for 'vietnamese' set to \l@english
(babel)             (\language0). Reported on input line 37.
Package babel Info: Hyphen rules for 'vietnam' set to \l@english
(babel)             (\language0). Reported on input line 38.
Loading definitions for the Vietnamese font encoding (C:\Users\Sangf\AppData\Local\Programs\MiKTeX\tex/latex/vntex\t5enc.def
File: t5enc.def 2006/11/21 v1.4 Vietnamese T5 encoding
Now handling font encoding T5 ...
... processing UTF-8 mapping file for font encoding T5
 (C:\Users\Sangf\AppData\Local\Programs\MiKTeX\tex/latex/vntex\t5enc.dfu
File: t5enc.dfu 2006/08/19 v1.1 UTF8 support for Vietnamese
   defining Unicode char U+00AB (decimal 171)
   defining Unicode char U+00BB (decimal 187)
   defining Unicode char U+00C0 (decimal 192)
   defining Unicode char U+00C1 (decimal 193)
   defining Unicode char U+00C2 (decimal 194)
   defining Unicode char U+00C3 (decimal 195)
   defining Unicode char U+00C8 (decimal 200)
   defining Unicode char U+00C9 (decimal 201)
   defining Unicode char U+00CA (decimal 202)
   defining Unicode char U+00CC (decimal 204)
   defining Unicode char U+00CD (decimal 205)
   defining Unicode char U+00D2 (decimal 210)
   defining Unicode char U+00D3 (decimal 211)
   defining Unicode char U+00D4 (decimal 212)
   defining Unicode char U+00D5 (decimal 213)
   defining Unicode char U+00D9 (decimal 217)
   defining Unicode char U+00DA (decimal 218)
   defining Unicode char U+00DD (decimal 221)
   defining Unicode char U+00E0 (decimal 224)
   defining Unicode char U+00E1 (decimal 225)
   defining Unicode char U+00E2 (decimal 226)
   defining Unicode char U+00E3 (decimal 227)
   defining Unicode char U+00E8 (decimal 232)
   defining Unicode char U+00E9 (decimal 233)
   defining Unicode char U+00EA (decimal 234)
   defining Unicode char U+00EC (decimal 236)
   defining Unicode char U+00ED (decimal 237)
   defining Unicode char U+00F2 (decimal 242)
   defining Unicode char U+00F3 (decimal 243)
   defining Unicode char U+00F4 (decimal 244)
   defining Unicode char U+00F5 (decimal 245)
   defining Unicode char U+00F9 (decimal 249)
   defining Unicode char U+00FA (decimal 250)
   defining Unicode char U+00FD (decimal 253)
   defining Unicode char U+0102 (decimal 258)
   defining Unicode char U+0103 (decimal 259)
   defining Unicode char U+0110 (decimal 272)
   defining Unicode char U+0111 (decimal 273)
   defining Unicode char U+0128 (decimal 296)
   defining Unicode char U+0129 (decimal 297)
   defining Unicode char U+0131 (decimal 305)
   defining Unicode char U+0168 (decimal 360)
   defining Unicode char U+0169 (decimal 361)
   defining Unicode char U+01A0 (decimal 416)
   defining Unicode char U+01A1 (decimal 417)
   defining Unicode char U+01AF (decimal 431)
   defining Unicode char U+01B0 (decimal 432)
   defining Unicode char U+1EA0 (decimal 7840)
   defining Unicode char U+1EA1 (decimal 7841)
   defining Unicode char U+1EA2 (decimal 7842)
   defining Unicode char U+1EA3 (decimal 7843)
   defining Unicode char U+1EA4 (decimal 7844)
   defining Unicode char U+1EA5 (decimal 7845)
   defining Unicode char U+1EA6 (decimal 7846)
   defining Unicode char U+1EA7 (decimal 7847)
   defining Unicode char U+1EA8 (decimal 7848)
   defining Unicode char U+1EA9 (decimal 7849)
   defining Unicode char U+1EAA (decimal 7850)
   defining Unicode char U+1EAB (decimal 7851)
   defining Unicode char U+1EAC (decimal 7852)
   defining Unicode char U+1EAD (decimal 7853)
   defining Unicode char U+1EAE (decimal 7854)
   defining Unicode char U+1EAF (decimal 7855)
   defining Unicode char U+1EB0 (decimal 7856)
   defining Unicode char U+1EB1 (decimal 7857)
   defining Unicode char U+1EB2 (decimal 7858)
   defining Unicode char U+1EB3 (decimal 7859)
   defining Unicode char U+1EB4 (decimal 7860)
   defining Unicode char U+1EB5 (decimal 7861)
   defining Unicode char U+1EB6 (decimal 7862)
   defining Unicode char U+1EB7 (decimal 7863)
   defining Unicode char U+1EB8 (decimal 7864)
   defining Unicode char U+1EB9 (decimal 7865)
   defining Unicode char U+1EBA (decimal 7866)
   defining Unicode char U+1EBB (decimal 7867)
   defining Unicode char U+1EBC (decimal 7868)
   defining Unicode char U+1EBD (decimal 7869)
   defining Unicode char U+1EBE (decimal 7870)
   defining Unicode char U+1EBF (decimal 7871)
   defining Unicode char U+1EC0 (decimal 7872)
   defining Unicode char U+1EC1 (decimal 7873)
   defining Unicode char U+1EC2 (decimal 7874)
   defining Unicode char U+1EC3 (decimal 7875)
   defining Unicode char U+1EC4 (decimal 7876)
   defining Unicode char U+1EC5 (decimal 7877)
   defining Unicode char U+1EC6 (decimal 7878)
   defining Unicode char U+1EC7 (decimal 7879)
   defining Unicode char U+1EC8 (decimal 7880)
   defining Unicode char U+1EC9 (decimal 7881)
   defining Unicode char U+1ECA (decimal 7882)
   defining Unicode char U+1ECB (decimal 7883)
   defining Unicode char U+1ECC (decimal 7884)
   defining Unicode char U+1ECD (decimal 7885)
   defining Unicode char U+1ECE (decimal 7886)
   defining Unicode char U+1ECF (decimal 7887)
   defining Unicode char U+1ED0 (decimal 7888)
   defining Unicode char U+1ED1 (decimal 7889)
   defining Unicode char U+1ED2 (decimal 7890)
   defining Unicode char U+1ED3 (decimal 7891)
   defining Unicode char U+1ED4 (decimal 7892)
   defining Unicode char U+1ED5 (decimal 7893)
   defining Unicode char U+1ED6 (decimal 7894)
   defining Unicode char U+1ED7 (decimal 7895)
   defining Unicode char U+1ED8 (decimal 7896)
   defining Unicode char U+1ED9 (decimal 7897)
   defining Unicode char U+1EDA (decimal 7898)
   defining Unicode char U+1EDB (decimal 7899)
   defining Unicode char U+1EDC (decimal 7900)
   defining Unicode char U+1EDD (decimal 7901)
   defining Unicode char U+1EDE (decimal 7902)
   defining Unicode char U+1EDF (decimal 7903)
   defining Unicode char U+1EE0 (decimal 7904)
   defining Unicode char U+1EE1 (decimal 7905)
   defining Unicode char U+1EE2 (decimal 7906)
   defining Unicode char U+1EE3 (decimal 7907)
   defining Unicode char U+1EE4 (decimal 7908)
   defining Unicode char U+1EE5 (decimal 7909)
   defining Unicode char U+1EE6 (decimal 7910)
   defining Unicode char U+1EE7 (decimal 7911)
   defining Unicode char U+1EE8 (decimal 7912)
   defining Unicode char U+1EE9 (decimal 7913)
   defining Unicode char U+1EEA (decimal 7914)
   defining Unicode char U+1EEB (decimal 7915)
   defining Unicode char U+1EEC (decimal 7916)
   defining Unicode char U+1EED (decimal 7917)
   defining Unicode char U+1EEE (decimal 7918)
   defining Unicode char U+1EEF (decimal 7919)
   defining Unicode char U+1EF0 (decimal 7920)
   defining Unicode char U+1EF1 (decimal 7921)
   defining Unicode char U+1EF2 (decimal 7922)
   defining Unicode char U+1EF3 (decimal 7923)
   defining Unicode char U+1EF4 (decimal 7924)
   defining Unicode char U+1EF5 (decimal 7925)
   defining Unicode char U+1EF6 (decimal 7926)
   defining Unicode char U+1EF7 (decimal 7927)
   defining Unicode char U+1EF8 (decimal 7928)
   defining Unicode char U+1EF9 (decimal 7929)
   defining Unicode char U+200C (decimal 8204)
   defining Unicode char U+2013 (decimal 8211)
   defining Unicode char U+2014 (decimal 8212)
   defining Unicode char U+2018 (decimal 8216)
   defining Unicode char U+2019 (decimal 8217)
   defining Unicode char U+201A (decimal 8218)
   defining Unicode char U+201C (decimal 8220)
   defining Unicode char U+201D (decimal 8221)
   defining Unicode char U+201E (decimal 8222)
   defining Unicode char U+2030 (decimal 8240)
   defining Unicode char U+2031 (decimal 8241)
   defining Unicode char U+2039 (decimal 8249)
   defining Unicode char U+203A (decimal 8250)
   defining Unicode char U+2423 (decimal 9251)
))
Package babel Info: Making " an active character on input line 147.
)) (C:\Users\Sangf\AppData\Local\Programs\MiKTeX\tex/generic/babel/locale/vi\babel-vietnamese.tex
Package babel Info: Importing font and identification data for vietnamese
(babel)             from babel-vi.ini. Reported on input line 11.
) (C:\Users\Sangf\AppData\Local\Programs\MiKTeX\tex/latex/float\float.sty
Package: float 2001/11/08 v1.3d Float enhancements (AL)
\c@float@type=\count296
\float@exts=\toks28
\float@box=\box58
\@float@everytoks=\toks29
\@floatcapt=\box59
) (C:\Users\Sangf\AppData\Local\Programs\MiKTeX\tex/latex/multirow\multirow.sty
Package: multirow 2024/11/12 v2.9 Span multiple rows of a table
\multirow@colwidth=\skip60
\multirow@cntb=\count297
\multirow@dima=\skip61
\bigstrutjot=\dimen179
) (C:\Users\Sangf\AppData\Local\Programs\MiKTeX\tex/latex/url\url.sty
\Urlmuskip=\muskip18
Package: url 2013/09/16  ver 3.4  Verb mode for urls, etc.
) (C:\Users\Sangf\AppData\Local\Programs\MiKTeX\tex/latex/pgf/frontendlayer\tikz.sty (C:\Users\Sangf\AppData\Local\Programs\MiKTeX\tex/latex/pgf/basiclayer\pgf.sty (C:\Users\Sangf\AppData\Local\Programs\MiKTeX\tex/latex/pgf/utilities\pgfrcs.sty (C:\Users\Sangf\AppData\Local\Programs\MiKTeX\tex/generic/pgf/utilities\pgfutil-common.tex
\pgfutil@everybye=\toks30
\pgfutil@tempdima=\dimen180
\pgfutil@tempdimb=\dimen181
) (C:\Users\Sangf\AppData\Local\Programs\MiKTeX\tex/generic/pgf/utilities\pgfutil-latex.def
\pgfutil@abb=\box60
) (C:\Users\Sangf\AppData\Local\Programs\MiKTeX\tex/generic/pgf/utilities\pgfrcs.code.tex (C:\Users\Sangf\AppData\Local\Programs\MiKTeX\tex/generic/pgf\pgf.revision.tex)
Package: pgfrcs 2023-01-15 v3.1.10 (3.1.10)
))
Package: pgf 2023-01-15 v3.1.10 (3.1.10)
 (C:\Users\Sangf\AppData\Local\Programs\MiKTeX\tex/latex/pgf/basiclayer\pgfcore.sty (C:\Users\Sangf\AppData\Local\Programs\MiKTeX\tex/latex/pgf/systemlayer\pgfsys.sty (C:\Users\Sangf\AppData\Local\Programs\MiKTeX\tex/generic/pgf/systemlayer\pgfsys.code.tex
Package: pgfsys 2023-01-15 v3.1.10 (3.1.10)
 (C:\Users\Sangf\AppData\Local\Programs\MiKTeX\tex/generic/pgf/utilities\pgfkeys.code.tex
\pgfkeys@pathtoks=\toks31
\pgfkeys@temptoks=\toks32
 (C:\Users\Sangf\AppData\Local\Programs\MiKTeX\tex/generic/pgf/utilities\pgfkeyslibraryfiltered.code.tex
\pgfkeys@tmptoks=\toks33
))
\pgf@x=\dimen182
\pgf@y=\dimen183
\pgf@xa=\dimen184
\pgf@ya=\dimen185
\pgf@xb=\dimen186
\pgf@yb=\dimen187
\pgf@xc=\dimen188
\pgf@yc=\dimen189
\pgf@xd=\dimen190
\pgf@yd=\dimen191
\w@pgf@writea=\write3
\r@pgf@reada=\read3
\c@pgf@counta=\count298
\c@pgf@countb=\count299
\c@pgf@countc=\count300
\c@pgf@countd=\count301
\t@pgf@toka=\toks34
\t@pgf@tokb=\toks35
\t@pgf@tokc=\toks36
\pgf@sys@id@count=\count302
 (C:\Users\Sangf\AppData\Local\Programs\MiKTeX\tex/generic/pgf/systemlayer\pgf.cfg
File: pgf.cfg 2023-01-15 v3.1.10 (3.1.10)
)
Driver file for pgf: pgfsys-pdftex.def
 (C:\Users\Sangf\AppData\Local\Programs\MiKTeX\tex/generic/pgf/systemlayer\pgfsys-pdftex.def
File: pgfsys-pdftex.def 2023-01-15 v3.1.10 (3.1.10)
 (C:\Users\Sangf\AppData\Local\Programs\MiKTeX\tex/generic/pgf/systemlayer\pgfsys-common-pdf.def
File: pgfsys-common-pdf.def 2023-01-15 v3.1.10 (3.1.10)
))) (C:\Users\Sangf\AppData\Local\Programs\MiKTeX\tex/generic/pgf/systemlayer\pgfsyssoftpath.code.tex
File: pgfsyssoftpath.code.tex 2023-01-15 v3.1.10 (3.1.10)
\pgfsyssoftpath@smallbuffer@items=\count303
\pgfsyssoftpath@bigbuffer@items=\count304
) (C:\Users\Sangf\AppData\Local\Programs\MiKTeX\tex/generic/pgf/systemlayer\pgfsysprotocol.code.tex
File: pgfsysprotocol.code.tex 2023-01-15 v3.1.10 (3.1.10)
)) (C:\Users\Sangf\AppData\Local\Programs\MiKTeX\tex/generic/pgf/basiclayer\pgfcore.code.tex
Package: pgfcore 2023-01-15 v3.1.10 (3.1.10)
 (C:\Users\Sangf\AppData\Local\Programs\MiKTeX\tex/generic/pgf/math\pgfmath.code.tex (C:\Users\Sangf\AppData\Local\Programs\MiKTeX\tex/generic/pgf/math\pgfmathutil.code.tex) (C:\Users\Sangf\AppData\Local\Programs\MiKTeX\tex/generic/pgf/math\pgfmathparser.code.tex
\pgfmath@dimen=\dimen192
\pgfmath@count=\count305
\pgfmath@box=\box61
\pgfmath@toks=\toks37
\pgfmath@stack@operand=\toks38
\pgfmath@stack@operation=\toks39
) (C:\Users\Sangf\AppData\Local\Programs\MiKTeX\tex/generic/pgf/math\pgfmathfunctions.code.tex) (C:\Users\Sangf\AppData\Local\Programs\MiKTeX\tex/generic/pgf/math\pgfmathfunctions.basic.code.tex) (C:\Users\Sangf\AppData\Local\Programs\MiKTeX\tex/generic/pgf/math\pgfmathfunctions.trigonometric.code.tex) (C:\Users\Sangf\AppData\Local\Programs\MiKTeX\tex/generic/pgf/math\pgfmathfunctions.random.code.tex) (C:\Users\Sangf\AppData\Local\Programs\MiKTeX\tex/generic/pgf/math\pgfmathfunctions.comparison.code.tex) (C:\Users\Sangf\AppData\Local\Programs\MiKTeX\tex/generic/pgf/math\pgfmathfunctions.base.code.tex) (C:\Users\Sangf\AppData\Local\Programs\MiKTeX\tex/generic/pgf/math\pgfmathfunctions.round.code.tex) (C:\Users\Sangf\AppData\Local\Programs\MiKTeX\tex/generic/pgf/math\pgfmathfunctions.misc.code.tex) (C:\Users\Sangf\AppData\Local\Programs\MiKTeX\tex/generic/pgf/math\pgfmathfunctions.integerarithmetics.code.tex) (C:\Users\Sangf\AppData\Local\Programs\MiKTeX\tex/generic/pgf/math\pgfmathcalc.code.tex) (C:\Users\Sangf\AppData\Local\Programs\MiKTeX\tex/generic/pgf/math\pgfmathfloat.code.tex
\c@pgfmathroundto@lastzeros=\count306
)) (C:\Users\Sangf\AppData\Local\Programs\MiKTeX\tex/generic/pgf/math\pgfint.code.tex) (C:\Users\Sangf\AppData\Local\Programs\MiKTeX\tex/generic/pgf/basiclayer\pgfcorepoints.code.tex
File: pgfcorepoints.code.tex 2023-01-15 v3.1.10 (3.1.10)
\pgf@picminx=\dimen193
\pgf@picmaxx=\dimen194
\pgf@picminy=\dimen195
\pgf@picmaxy=\dimen196
\pgf@pathminx=\dimen197
\pgf@pathmaxx=\dimen198
\pgf@pathminy=\dimen199
\pgf@pathmaxy=\dimen256
\pgf@xx=\dimen257
\pgf@xy=\dimen258
\pgf@yx=\dimen259
\pgf@yy=\dimen260
\pgf@zx=\dimen261
\pgf@zy=\dimen262
) (C:\Users\Sangf\AppData\Local\Programs\MiKTeX\tex/generic/pgf/basiclayer\pgfcorepathconstruct.code.tex
File: pgfcorepathconstruct.code.tex 2023-01-15 v3.1.10 (3.1.10)
\pgf@path@lastx=\dimen263
\pgf@path@lasty=\dimen264
) (C:\Users\Sangf\AppData\Local\Programs\MiKTeX\tex/generic/pgf/basiclayer\pgfcorepathusage.code.tex
File: pgfcorepathusage.code.tex 2023-01-15 v3.1.10 (3.1.10)
\pgf@shorten@end@additional=\dimen265
\pgf@shorten@start@additional=\dimen266
) (C:\Users\Sangf\AppData\Local\Programs\MiKTeX\tex/generic/pgf/basiclayer\pgfcorescopes.code.tex
File: pgfcorescopes.code.tex 2023-01-15 v3.1.10 (3.1.10)
\pgfpic=\box62
\pgf@hbox=\box63
\pgf@layerbox@main=\box64
\pgf@picture@serial@count=\count307
) (C:\Users\Sangf\AppData\Local\Programs\MiKTeX\tex/generic/pgf/basiclayer\pgfcoregraphicstate.code.tex
File: pgfcoregraphicstate.code.tex 2023-01-15 v3.1.10 (3.1.10)
\pgflinewidth=\dimen267
) (C:\Users\Sangf\AppData\Local\Programs\MiKTeX\tex/generic/pgf/basiclayer\pgfcoretransformations.code.tex
File: pgfcoretransformations.code.tex 2023-01-15 v3.1.10 (3.1.10)
\pgf@pt@x=\dimen268
\pgf@pt@y=\dimen269
\pgf@pt@temp=\dimen270
) (C:\Users\Sangf\AppData\Local\Programs\MiKTeX\tex/generic/pgf/basiclayer\pgfcorequick.code.tex
File: pgfcorequick.code.tex 2023-01-15 v3.1.10 (3.1.10)
) (C:\Users\Sangf\AppData\Local\Programs\MiKTeX\tex/generic/pgf/basiclayer\pgfcoreobjects.code.tex
File: pgfcoreobjects.code.tex 2023-01-15 v3.1.10 (3.1.10)
) (C:\Users\Sangf\AppData\Local\Programs\MiKTeX\tex/generic/pgf/basiclayer\pgfcorepathprocessing.code.tex
File: pgfcorepathprocessing.code.tex 2023-01-15 v3.1.10 (3.1.10)
) (C:\Users\Sangf\AppData\Local\Programs\MiKTeX\tex/generic/pgf/basiclayer\pgfcorearrows.code.tex
File: pgfcorearrows.code.tex 2023-01-15 v3.1.10 (3.1.10)
\pgfarrowsep=\dimen271
) (C:\Users\Sangf\AppData\Local\Programs\MiKTeX\tex/generic/pgf/basiclayer\pgfcoreshade.code.tex
File: pgfcoreshade.code.tex 2023-01-15 v3.1.10 (3.1.10)
\pgf@max=\dimen272
\pgf@sys@shading@range@num=\count308
\pgf@shadingcount=\count309
) (C:\Users\Sangf\AppData\Local\Programs\MiKTeX\tex/generic/pgf/basiclayer\pgfcoreimage.code.tex
File: pgfcoreimage.code.tex 2023-01-15 v3.1.10 (3.1.10)
) (C:\Users\Sangf\AppData\Local\Programs\MiKTeX\tex/generic/pgf/basiclayer\pgfcoreexternal.code.tex
File: pgfcoreexternal.code.tex 2023-01-15 v3.1.10 (3.1.10)
\pgfexternal@startupbox=\box65
) (C:\Users\Sangf\AppData\Local\Programs\MiKTeX\tex/generic/pgf/basiclayer\pgfcorelayers.code.tex
File: pgfcorelayers.code.tex 2023-01-15 v3.1.10 (3.1.10)
) (C:\Users\Sangf\AppData\Local\Programs\MiKTeX\tex/generic/pgf/basiclayer\pgfcoretransparency.code.tex
File: pgfcoretransparency.code.tex 2023-01-15 v3.1.10 (3.1.10)
) (C:\Users\Sangf\AppData\Local\Programs\MiKTeX\tex/generic/pgf/basiclayer\pgfcorepatterns.code.tex
File: pgfcorepatterns.code.tex 2023-01-15 v3.1.10 (3.1.10)
) (C:\Users\Sangf\AppData\Local\Programs\MiKTeX\tex/generic/pgf/basiclayer\pgfcorerdf.code.tex
File: pgfcorerdf.code.tex 2023-01-15 v3.1.10 (3.1.10)
))) (C:\Users\Sangf\AppData\Local\Programs\MiKTeX\tex/generic/pgf/modules\pgfmoduleshapes.code.tex
File: pgfmoduleshapes.code.tex 2023-01-15 v3.1.10 (3.1.10)
\pgfnodeparttextbox=\box66
) (C:\Users\Sangf\AppData\Local\Programs\MiKTeX\tex/generic/pgf/modules\pgfmoduleplot.code.tex
File: pgfmoduleplot.code.tex 2023-01-15 v3.1.10 (3.1.10)
) (C:\Users\Sangf\AppData\Local\Programs\MiKTeX\tex/latex/pgf/compatibility\pgfcomp-version-0-65.sty
Package: pgfcomp-version-0-65 2023-01-15 v3.1.10 (3.1.10)
\pgf@nodesepstart=\dimen273
\pgf@nodesepend=\dimen274
) (C:\Users\Sangf\AppData\Local\Programs\MiKTeX\tex/latex/pgf/compatibility\pgfcomp-version-1-18.sty
Package: pgfcomp-version-1-18 2023-01-15 v3.1.10 (3.1.10)
)) (C:\Users\Sangf\AppData\Local\Programs\MiKTeX\tex/latex/pgf/utilities\pgffor.sty (C:\Users\Sangf\AppData\Local\Programs\MiKTeX\tex/latex/pgf/utilities\pgfkeys.sty (C:\Users\Sangf\AppData\Local\Programs\MiKTeX\tex/generic/pgf/utilities\pgfkeys.code.tex)) (C:\Users\Sangf\AppData\Local\Programs\MiKTeX\tex/latex/pgf/math\pgfmath.sty (C:\Users\Sangf\AppData\Local\Programs\MiKTeX\tex/generic/pgf/math\pgfmath.code.tex)) (C:\Users\Sangf\AppData\Local\Programs\MiKTeX\tex/generic/pgf/utilities\pgffor.code.tex
Package: pgffor 2023-01-15 v3.1.10 (3.1.10)
\pgffor@iter=\dimen275
\pgffor@skip=\dimen276
\pgffor@stack=\toks40
\pgffor@toks=\toks41
)) (C:\Users\Sangf\AppData\Local\Programs\MiKTeX\tex/generic/pgf/frontendlayer/tikz\tikz.code.tex
Package: tikz 2023-01-15 v3.1.10 (3.1.10)
 (C:\Users\Sangf\AppData\Local\Programs\MiKTeX\tex/generic/pgf/libraries\pgflibraryplothandlers.code.tex
File: pgflibraryplothandlers.code.tex 2023-01-15 v3.1.10 (3.1.10)
\pgf@plot@mark@count=\count310
\pgfplotmarksize=\dimen277
)
\tikz@lastx=\dimen278
\tikz@lasty=\dimen279
\tikz@lastxsaved=\dimen280
\tikz@lastysaved=\dimen281
\tikz@lastmovetox=\dimen282
\tikz@lastmovetoy=\dimen283
\tikzleveldistance=\dimen284
\tikzsiblingdistance=\dimen285
\tikz@figbox=\box67
\tikz@figbox@bg=\box68
\tikz@tempbox=\box69
\tikz@tempbox@bg=\box70
\tikztreelevel=\count311
\tikznumberofchildren=\count312
\tikznumberofcurrentchild=\count313
\tikz@fig@count=\count314
 (C:\Users\Sangf\AppData\Local\Programs\MiKTeX\tex/generic/pgf/modules\pgfmodulematrix.code.tex
File: pgfmodulematrix.code.tex 2023-01-15 v3.1.10 (3.1.10)
\pgfmatrixcurrentrow=\count315
\pgfmatrixcurrentcolumn=\count316
\pgf@matrix@numberofcolumns=\count317
)
\tikz@expandcount=\count318
 (C:\Users\Sangf\AppData\Local\Programs\MiKTeX\tex/generic/pgf/frontendlayer/tikz/libraries\tikzlibrarytopaths.code.tex
File: tikzlibrarytopaths.code.tex 2023-01-15 v3.1.10 (3.1.10)
))) (C:\Users\Sangf\AppData\Local\Programs\MiKTeX\tex/latex/subfigure\subfigure.sty
Package: subfigure 2002/07/30 v2.1.4 subfigure package
\subfigtopskip=\skip62
\subfigcapskip=\skip63
\subfigcaptopadj=\dimen286
\subfigbottomskip=\skip64
\subfigcapmargin=\dimen287
\subfiglabelskip=\skip65
\c@subfigure=\count319
\c@lofdepth=\count320
\c@subtable=\count321
\c@lotdepth=\count322

****************************************
* Local config file subfigure.cfg used *
****************************************
(C:\Users\Sangf\AppData\Local\Programs\MiKTeX\tex/latex/subfigure\subfigure.cfg)
\subfig@top=\skip66
\subfig@bottom=\skip67
) (C:\Users\Sangf\AppData\Local\Programs\MiKTeX\tex/latex/titlesec\titlesec.sty
Package: titlesec 2025/01/04 v2.17 Sectioning titles
\ttl@box=\box71
\beforetitleunit=\skip68
\aftertitleunit=\skip69
\ttl@plus=\dimen288
\ttl@minus=\dimen289
\ttl@toksa=\toks42
\titlewidth=\dimen290
\titlewidthlast=\dimen291
\titlewidthfirst=\dimen292


Package titlesec Warning: Non standard sectioning command \subparagraph
(titlesec)                detected. Using default spacing and no format.

) (C:\Users\Sangf\AppData\Local\Programs\MiKTeX\tex/latex/booktabs\booktabs.sty
Package: booktabs 2020/01/12 v1.61803398 Publication quality tables
\heavyrulewidth=\dimen293
\lightrulewidth=\dimen294
\cmidrulewidth=\dimen295
\belowrulesep=\dimen296
\belowbottomsep=\dimen297
\aboverulesep=\dimen298
\abovetopsep=\dimen299
\cmidrulesep=\dimen300
\cmidrulekern=\dimen301
\defaultaddspace=\dimen302
\@cmidla=\count323
\@cmidlb=\count324
\@aboverulesep=\dimen303
\@belowrulesep=\dimen304
\@thisruleclass=\count325
\@lastruleclass=\count326
\@thisrulewidth=\dimen305
) (C:\Users\Sangf\AppData\Local\Programs\MiKTeX\tex/latex/adjustbox\adjustbox.sty
Package: adjustbox 2025/02/26 v1.3c Adjusting TeX boxes (trim, clip, ...)
 (C:\Users\Sangf\AppData\Local\Programs\MiKTeX\tex/latex/xkeyval\xkeyval.sty
Package: xkeyval 2022/06/16 v2.9 package option processing (HA)
 (C:\Users\Sangf\AppData\Local\Programs\MiKTeX\tex/generic/xkeyval\xkeyval.tex (C:\Users\Sangf\AppData\Local\Programs\MiKTeX\tex/generic/xkeyval\xkvutils.tex
\XKV@toks=\toks43
\XKV@tempa@toks=\toks44
)
\XKV@depth=\count327
File: xkeyval.tex 2014/12/03 v2.7a key=value parser (HA)
)) (C:\Users\Sangf\AppData\Local\Programs\MiKTeX\tex/latex/adjustbox\adjcalc.sty
Package: adjcalc 2012/05/16 v1.1 Provides advanced setlength with multiple back-ends (calc, etex, pgfmath)
) (C:\Users\Sangf\AppData\Local\Programs\MiKTeX\tex/latex/adjustbox\trimclip.sty
Package: trimclip 2025/02/21 v1.2a Trim and clip general TeX material
 (C:\Users\Sangf\AppData\Local\Programs\MiKTeX\tex/latex/collectbox\collectbox.sty
Package: collectbox 2022/10/17 v0.4c Collect macro arguments as boxes
\collectedbox=\box72
)
\tc@llx=\dimen306
\tc@lly=\dimen307
\tc@urx=\dimen308
\tc@ury=\dimen309
Package trimclip Info: Using driver 'tc-pdftex.def'.
 (C:\Users\Sangf\AppData\Local\Programs\MiKTeX\tex/latex/adjustbox\tc-pdftex.def
File: tc-pdftex.def 2025/02/26 v2.3 Clipping driver for pdftex
))
\adjbox@Width=\dimen310
\adjbox@Height=\dimen311
\adjbox@Depth=\dimen312
\adjbox@Totalheight=\dimen313
\adjbox@pwidth=\dimen314
\adjbox@pheight=\dimen315
\adjbox@pdepth=\dimen316
\adjbox@ptotalheight=\dimen317
 (C:\Users\Sangf\AppData\Local\Programs\MiKTeX\tex/latex/ifoddpage\ifoddpage.sty
Package: ifoddpage 2022/10/18 v1.2 Conditionals for odd/even page detection
\c@checkoddpage=\count328
) (C:\Users\Sangf\AppData\Local\Programs\MiKTeX\tex/latex/varwidth\varwidth.sty
Package: varwidth 2009/03/30 ver 0.92;  Variable-width minipages
\@vwid@box=\box73
\sift@deathcycles=\count329
\@vwid@loff=\dimen318
\@vwid@roff=\dimen319
)) (C:\Users\Sangf\AppData\Local\Programs\MiKTeX\tex/generic/pgf/frontendlayer/tikz/libraries\tikzlibrarypositioning.code.tex
File: tikzlibrarypositioning.code.tex 2023-01-15 v3.1.10 (3.1.10)
) (C:\Users\Sangf\AppData\Local\Programs\MiKTeX\tex/generic/pgf/frontendlayer/tikz/libraries\tikzlibraryshapes.geometric.code.tex
File: tikzlibraryshapes.geometric.code.tex 2023-01-15 v3.1.10 (3.1.10)
 (C:\Users\Sangf\AppData\Local\Programs\MiKTeX\tex/generic/pgf/libraries/shapes\pgflibraryshapes.geometric.code.tex
File: pgflibraryshapes.geometric.code.tex 2023-01-15 v3.1.10 (3.1.10)
)) (C:\Users\Sangf\AppData\Local\Programs\MiKTeX\tex/generic/pgf/libraries\pgflibraryarrows.meta.code.tex
File: pgflibraryarrows.meta.code.tex 2023-01-15 v3.1.10 (3.1.10)
\pgfarrowinset=\dimen320
\pgfarrowlength=\dimen321
\pgfarrowwidth=\dimen322
\pgfarrowlinewidth=\dimen323
) (C:\Users\Sangf\AppData\Local\Programs\MiKTeX\tex/latex/l3backend\l3backend-pdftex.def
File: l3backend-pdftex.def 2024-05-08 L3 backend support: PDF output (pdfTeX)
\l__color_backend_stack_int=\count330
\l__pdf_internal_box=\box74
) (conference_101719.aux
LaTeX Font Info:    Trying to load font information for T5+ptm on input line 11.
 (C:\Users\Sangf\AppData\Local\Programs\MiKTeX\tex/latex/vntex\t5ptm.fd
File: t5utm.fd 2005/08/24 Fontinst v1.929 font definitions for T5/ptm.
)

LaTeX Warning: Label `fig:gru_del_up' multiply defined.


LaTeX Warning: Label `mbbresult' multiply defined.

)
\openout1 = `conference_101719.aux'.

LaTeX Font Info:    Checking defaults for OML/cmm/m/it on input line 31.
LaTeX Font Info:    ... okay on input line 31.
LaTeX Font Info:    Checking defaults for OMS/cmsy/m/n on input line 31.
LaTeX Font Info:    ... okay on input line 31.
LaTeX Font Info:    Checking defaults for OT1/cmr/m/n on input line 31.
LaTeX Font Info:    ... okay on input line 31.
LaTeX Font Info:    Checking defaults for T1/cmr/m/n on input line 31.
LaTeX Font Info:    ... okay on input line 31.
LaTeX Font Info:    Checking defaults for TS1/cmr/m/n on input line 31.
LaTeX Font Info:    ... okay on input line 31.
LaTeX Font Info:    Checking defaults for OMX/cmex/m/n on input line 31.
LaTeX Font Info:    ... okay on input line 31.
LaTeX Font Info:    Checking defaults for U/cmr/m/n on input line 31.
LaTeX Font Info:    ... okay on input line 31.
LaTeX Font Info:    Checking defaults for T5/cmr/m/n on input line 31.
LaTeX Font Info:    Trying to load font information for T5+cmr on input line 31.
 (C:\Users\Sangf\AppData\Local\Programs\MiKTeX\tex/latex/vntex\t5cmr.fd
File: t5cmr.fd 1999/05/25 v2.5h Standard LaTeX font definitions
)
LaTeX Font Info:    ... okay on input line 31.

-- Lines per column: 56 (exact).
(C:\Users\Sangf\AppData\Local\Programs\MiKTeX\tex/context/base/mkii\supp-pdf.mkii
[Loading MPS to PDF converter (version 2006.09.02).]
\scratchcounter=\count331
\scratchdimen=\dimen324
\scratchbox=\box75
\nofMPsegments=\count332
\nofMParguments=\count333
\everyMPshowfont=\toks45
\MPscratchCnt=\count334
\MPscratchDim=\dimen325
\MPnumerator=\count335
\makeMPintoPDFobject=\count336
\everyMPtoPDFconversion=\toks46
) (C:\Users\Sangf\AppData\Local\Programs\MiKTeX\tex/latex/epstopdf-pkg\epstopdf-base.sty
Package: epstopdf-base 2020-01-24 v2.11 Base part for package epstopdf
Package epstopdf-base Info: Redefining graphics rule for `.eps' on input line 485.
 (C:\Users\Sangf\AppData\Local\Programs\MiKTeX\tex/latex/00miktex\epstopdf-sys.cfg
File: epstopdf-sys.cfg 2021/03/18 v2.0 Configuration of epstopdf for MiKTeX
))
LaTeX Font Info:    Calculating math sizes for size <11> on input line 60.
LaTeX Font Info:    Trying to load font information for U+msa on input line 60.
 (C:\Users\Sangf\AppData\Local\Programs\MiKTeX\tex/latex/amsfonts\umsa.fd
File: umsa.fd 2013/01/14 v3.01 AMS symbols A
)
LaTeX Font Info:    Trying to load font information for U+msb on input line 60.
 (C:\Users\Sangf\AppData\Local\Programs\MiKTeX\tex/latex/amsfonts\umsb.fd
File: umsb.fd 2013/01/14 v3.01 AMS symbols B
)



[1{C:/Users/Sangf/AppData/Local/MiKTeX/fonts/map/pdftex/pdftex.map}{C:/Users/Sangf/AppData/Local/Programs/MiKTeX/fonts/enc/dvips/vntex/t5.enc}


]
Underfull \hbox (badness 5288) in paragraph at lines 103--104
[]\T5/ptm/m/n/10 Nhâm t¡c gi£ Zheng-ping Che, San-jay Pu-rushotham,
 []



<bibliography/figure/Analysis-Dataset/BoxplotHaNoi.png, id=12, 462.528pt x 346.896pt>
File: bibliography/figure/Analysis-Dataset/BoxplotHaNoi.png Graphic file (type png)
<use bibliography/figure/Analysis-Dataset/BoxplotHaNoi.png>
Package pdftex.def Info: bibliography/figure/Analysis-Dataset/BoxplotHaNoi.png  used on input line 145.
(pdftex.def)             Requested size: 123.84283pt x 92.87978pt.
<bibliography/figure/Analysis-Dataset/histogramHaNoi.png, id=14, 462.528pt x 346.896pt>
File: bibliography/figure/Analysis-Dataset/histogramHaNoi.png Graphic file (type png)
<use bibliography/figure/Analysis-Dataset/histogramHaNoi.png>
Package pdftex.def Info: bibliography/figure/Analysis-Dataset/histogramHaNoi.png  used on input line 152.
(pdftex.def)             Requested size: 123.84283pt x 92.87978pt.
<bibliography/figure/Analysis-Dataset/BoxplotDaNang.png, id=15, 462.528pt x 346.896pt>
File: bibliography/figure/Analysis-Dataset/BoxplotDaNang.png Graphic file (type png)
<use bibliography/figure/Analysis-Dataset/BoxplotDaNang.png>
Package pdftex.def Info: bibliography/figure/Analysis-Dataset/BoxplotDaNang.png  used on input line 162.
(pdftex.def)             Requested size: 123.84283pt x 92.87978pt.
<bibliography/figure/Analysis-Dataset/histogramDaNang.png, id=16, 462.528pt x 346.896pt>
File: bibliography/figure/Analysis-Dataset/histogramDaNang.png Graphic file (type png)
<use bibliography/figure/Analysis-Dataset/histogramDaNang.png>
Package pdftex.def Info: bibliography/figure/Analysis-Dataset/histogramDaNang.png  used on input line 169.
(pdftex.def)             Requested size: 123.84283pt x 92.87978pt.


[2 <./bibliography/figure/Analysis-Dataset/BoxplotHaNoi.png> <./bibliography/figure/Analysis-Dataset/histogramHaNoi.png>]
<bibliography/figure/Analysis-Dataset/BoxplotVietTri.png, id=22, 462.528pt x 346.896pt>
File: bibliography/figure/Analysis-Dataset/BoxplotVietTri.png Graphic file (type png)
<use bibliography/figure/Analysis-Dataset/BoxplotVietTri.png>
Package pdftex.def Info: bibliography/figure/Analysis-Dataset/BoxplotVietTri.png  used on input line 179.
(pdftex.def)             Requested size: 123.84283pt x 92.87978pt.
<bibliography/figure/Analysis-Dataset/histogramVietTri.png, id=23, 462.528pt x 346.896pt>
File: bibliography/figure/Analysis-Dataset/histogramVietTri.png Graphic file (type png)
<use bibliography/figure/Analysis-Dataset/histogramVietTri.png>
Package pdftex.def Info: bibliography/figure/Analysis-Dataset/histogramVietTri.png  used on input line 186.
(pdftex.def)             Requested size: 123.84283pt x 92.87978pt.
LaTeX Font Info:    Trying to load font information for TS1+ptm on input line 239.
 (C:\Users\Sangf\AppData\Local\Programs\MiKTeX\tex/latex/psnfss\ts1ptm.fd
File: ts1ptm.fd 2001/06/04 font definitions for TS1/ptm.
)


Underfull \hbox (badness 10000) in paragraph at lines 254--256

 []



[3{C:/Users/Sangf/AppData/Local/Programs/MiKTeX/fonts/enc/dvips/base/8r.enc} <./bibliography/figure/Analysis-Dataset/BoxplotDaNang.png> <./bibliography/figure/Analysis-Dataset/histogramDaNang.png> <./bibliography/figure/Analysis-Dataset/BoxplotVietTri.png> <./bibliography/figure/Analysis-Dataset/histogramVietTri.png>]
Underfull \hbox (badness 10000) in paragraph at lines 336--340

 []


Underfull \hbox (badness 10000) in paragraph at lines 341--344

 []


LaTeX Warning: Command \l invalid in math mode on input line 348.


LaTeX Warning: Command \l invalid in math mode on input line 348.


Underfull \hbox (badness 10000) in paragraph at lines 345--349

 []




Underfull \hbox (badness 10000) in paragraph at lines 372--378

 []

<bibliography/figure/RNN/RNN.pdf, id=42, 797.98125pt x 320.19624pt>
File: bibliography/figure/RNN/RNN.pdf Graphic file (type pdf)
<use bibliography/figure/RNN/RNN.pdf>
Package pdftex.def Info: bibliography/figure/RNN/RNN.pdf  used on input line 405.
(pdftex.def)             Requested size: 221.87622pt x 89.02895pt.


[4 <./bibliography/figure/RNN/RNN.pdf>]
<bibliography/figure/ResCNN/ResCNN_1.png, id=50, 204.765pt x 85.0377pt>
File: bibliography/figure/ResCNN/ResCNN_1.png Graphic file (type png)
<use bibliography/figure/ResCNN/ResCNN_1.png>
Package pdftex.def Info: bibliography/figure/ResCNN/ResCNN_1.png  used on input line 433.
(pdftex.def)             Requested size: 221.87622pt x 92.14944pt.


LaTeX Font Info:    Trying to load font information for T5+pcr on input line 476.
(C:\Users\Sangf\AppData\Local\Programs\MiKTeX\tex/latex/vntex\t5pcr.fd
File: t5ucr.fd 2005/08/24 Fontinst v1.929 font definitions for T5/pcr.
)
<bibliography/figure/LSTM/lstm.pdf, id=51, 845.1575pt x 597.23125pt>
File: bibliography/figure/LSTM/lstm.pdf Graphic file (type pdf)
<use bibliography/figure/LSTM/lstm.pdf>
Package pdftex.def Info: bibliography/figure/LSTM/lstm.pdf  used on input line 496.
(pdftex.def)             Requested size: 232.19843pt x 164.07962pt.


[5 <./bibliography/figure/ResCNN/ResCNN_1.png> <./bibliography/figure/LSTM/lstm.pdf>]
<bibliography/figure/GRU/gru_1.pdf, id=58, 310.15875pt x 212.795pt>
File: bibliography/figure/GRU/gru_1.pdf Graphic file (type pdf)
<use bibliography/figure/GRU/gru_1.pdf>
Package pdftex.def Info: bibliography/figure/GRU/gru_1.pdf  used on input line 550.
(pdftex.def)             Requested size: 221.87622pt x 152.22519pt.


<bibliography/figure/GRU/gru_2.pdf, id=59, 415.5525pt x 212.795pt>
File: bibliography/figure/GRU/gru_2.pdf Graphic file (type pdf)
<use bibliography/figure/GRU/gru_2.pdf>
Package pdftex.def Info: bibliography/figure/GRU/gru_2.pdf  used on input line 575.
(pdftex.def)             Requested size: 221.87622pt x 113.61852pt.
<bibliography/figure/GRU/gru_3.pdf, id=60, 415.5525pt x 208.78pt>
File: bibliography/figure/GRU/gru_3.pdf Graphic file (type pdf)
<use bibliography/figure/GRU/gru_3.pdf>
Package pdftex.def Info: bibliography/figure/GRU/gru_3.pdf  used on input line 597.
(pdftex.def)             Requested size: 221.87622pt x 111.47478pt.


[6 <./bibliography/figure/GRU/gru_1.pdf> <./bibliography/figure/GRU/gru_2.pdf

pdfTeX warning: pdflatex (file ./bibliography/figure/GRU/gru_2.pdf): PDF inclusion: multiple pdfs with page group included in a single page
>]
Underfull \hbox (badness 10000) in paragraph at lines 627--628

 []




Underfull \hbox (badness 10000) in paragraph at lines 687--688

 []



[7 <./bibliography/figure/GRU/gru_3.pdf>]


Overfull \hbox (3.07996pt too wide) in paragraph at lines 849--885
 [][] 
 []


Underfull \vbox (badness 10000) has occurred while \output is active []



[8]

<bibliography/figure/RNN/HN/9_1.png, id=153, 1174.3875pt x 338.2236pt>
File: bibliography/figure/RNN/HN/9_1.png Graphic file (type png)
<use bibliography/figure/RNN/HN/9_1.png>
Package pdftex.def Info: bibliography/figure/RNN/HN/9_1.png  used on input line 895.
(pdftex.def)             Requested size: 77.39685pt x 22.2898pt.
<bibliography/figure/RNN/HN/8_2.png, id=154, 1174.3875pt x 338.2236pt>
File: bibliography/figure/RNN/HN/8_2.png Graphic file (type png)
<use bibliography/figure/RNN/HN/8_2.png>
Package pdftex.def Info: bibliography/figure/RNN/HN/8_2.png  used on input line 898.
(pdftex.def)             Requested size: 77.39685pt x 22.2898pt.
<bibliography/figure/RNN/HN/7_3.png, id=155, 1174.3875pt x 338.2236pt>
File: bibliography/figure/RNN/HN/7_3.png Graphic file (type png)
<use bibliography/figure/RNN/HN/7_3.png>
Package pdftex.def Info: bibliography/figure/RNN/HN/7_3.png  used on input line 901.
(pdftex.def)             Requested size: 77.39685pt x 22.2898pt.
<bibliography/figure/RNN/DN/9_1.png, id=156, 1174.3875pt x 338.2236pt>
File: bibliography/figure/RNN/DN/9_1.png Graphic file (type png)
<use bibliography/figure/RNN/DN/9_1.png>
Package pdftex.def Info: bibliography/figure/RNN/DN/9_1.png  used on input line 904.
(pdftex.def)             Requested size: 77.39685pt x 22.2898pt.
<bibliography/figure/RNN/DN/8_2.png, id=157, 1174.3875pt x 338.2236pt>
File: bibliography/figure/RNN/DN/8_2.png Graphic file (type png)
<use bibliography/figure/RNN/DN/8_2.png>
Package pdftex.def Info: bibliography/figure/RNN/DN/8_2.png  used on input line 907.
(pdftex.def)             Requested size: 77.39685pt x 22.2898pt.
<bibliography/figure/RNN/DN/7_3.png, id=158, 1174.3875pt x 338.2236pt>
File: bibliography/figure/RNN/DN/7_3.png Graphic file (type png)
<use bibliography/figure/RNN/DN/7_3.png>
Package pdftex.def Info: bibliography/figure/RNN/DN/7_3.png  used on input line 910.
(pdftex.def)             Requested size: 77.39685pt x 22.2898pt.
<bibliography/figure/RNN/VT/9_1.png, id=159, 1174.3875pt x 338.2236pt>
File: bibliography/figure/RNN/VT/9_1.png Graphic file (type png)
<use bibliography/figure/RNN/VT/9_1.png>
Package pdftex.def Info: bibliography/figure/RNN/VT/9_1.png  used on input line 913.
(pdftex.def)             Requested size: 77.39685pt x 22.2898pt.
<bibliography/figure/RNN/VT/8_2.png, id=160, 1174.3875pt x 338.2236pt>
File: bibliography/figure/RNN/VT/8_2.png Graphic file (type png)
<use bibliography/figure/RNN/VT/8_2.png>
Package pdftex.def Info: bibliography/figure/RNN/VT/8_2.png  used on input line 916.
(pdftex.def)             Requested size: 77.39685pt x 22.2898pt.
<bibliography/figure/RNN/VT/7_3.png, id=161, 1174.3875pt x 338.2236pt>
File: bibliography/figure/RNN/VT/7_3.png Graphic file (type png)
<use bibliography/figure/RNN/VT/7_3.png>
Package pdftex.def Info: bibliography/figure/RNN/VT/7_3.png  used on input line 919.
(pdftex.def)             Requested size: 77.39685pt x 22.2898pt.
<bibliography/figure/LSTM/HN/9_1.png, id=162, 1174.3875pt x 339.669pt>
File: bibliography/figure/LSTM/HN/9_1.png Graphic file (type png)
<use bibliography/figure/LSTM/HN/9_1.png>
Package pdftex.def Info: bibliography/figure/LSTM/HN/9_1.png  used on input line 927.
(pdftex.def)             Requested size: 77.39685pt x 22.38504pt.
<bibliography/figure/LSTM/HN/8_2.png, id=163, 1174.3875pt x 339.669pt>
File: bibliography/figure/LSTM/HN/8_2.png Graphic file (type png)
<use bibliography/figure/LSTM/HN/8_2.png>
Package pdftex.def Info: bibliography/figure/LSTM/HN/8_2.png  used on input line 930.
(pdftex.def)             Requested size: 77.39685pt x 22.38504pt.
<bibliography/figure/LSTM/HN/7_3.png, id=164, 1174.3875pt x 339.669pt>
File: bibliography/figure/LSTM/HN/7_3.png Graphic file (type png)
<use bibliography/figure/LSTM/HN/7_3.png>
Package pdftex.def Info: bibliography/figure/LSTM/HN/7_3.png  used on input line 933.
(pdftex.def)             Requested size: 77.39685pt x 22.38504pt.
<bibliography/figure/LSTM/DN/9_1.png, id=165, 1174.3875pt x 339.669pt>
File: bibliography/figure/LSTM/DN/9_1.png Graphic file (type png)
<use bibliography/figure/LSTM/DN/9_1.png>
Package pdftex.def Info: bibliography/figure/LSTM/DN/9_1.png  used on input line 936.
(pdftex.def)             Requested size: 77.39685pt x 22.38504pt.
<bibliography/figure/LSTM/DN/8_2.png, id=166, 1183.0599pt x 339.669pt>
File: bibliography/figure/LSTM/DN/8_2.png Graphic file (type png)
<use bibliography/figure/LSTM/DN/8_2.png>
Package pdftex.def Info: bibliography/figure/LSTM/DN/8_2.png  used on input line 939.
(pdftex.def)             Requested size: 77.39685pt x 22.2192pt.
<bibliography/figure/LSTM/DN/7_3.png, id=167, 1174.3875pt x 339.669pt>
File: bibliography/figure/LSTM/DN/7_3.png Graphic file (type png)
<use bibliography/figure/LSTM/DN/7_3.png>
Package pdftex.def Info: bibliography/figure/LSTM/DN/7_3.png  used on input line 942.
(pdftex.def)             Requested size: 77.39685pt x 22.38504pt.
<bibliography/figure/LSTM/VT/9_1.png, id=168, 1174.3875pt x 339.669pt>
File: bibliography/figure/LSTM/VT/9_1.png Graphic file (type png)
<use bibliography/figure/LSTM/VT/9_1.png>
Package pdftex.def Info: bibliography/figure/LSTM/VT/9_1.png  used on input line 945.
(pdftex.def)             Requested size: 77.39685pt x 22.38504pt.
<bibliography/figure/LSTM/VT/8_2.png, id=169, 1174.3875pt x 339.669pt>
File: bibliography/figure/LSTM/VT/8_2.png Graphic file (type png)
<use bibliography/figure/LSTM/VT/8_2.png>
Package pdftex.def Info: bibliography/figure/LSTM/VT/8_2.png  used on input line 948.
(pdftex.def)             Requested size: 77.39685pt x 22.38504pt.
<bibliography/figure/LSTM/VT/7_3.png, id=170, 1174.3875pt x 339.669pt>
File: bibliography/figure/LSTM/VT/7_3.png Graphic file (type png)
<use bibliography/figure/LSTM/VT/7_3.png>
Package pdftex.def Info: bibliography/figure/LSTM/VT/7_3.png  used on input line 951.
(pdftex.def)             Requested size: 77.39685pt x 22.38504pt.

LaTeX Warning: `h' float specifier changed to `ht'.

<bibliography/figure/LSTM/HN/predict_30_days.png, id=171, 1174.3875pt x 323.7696pt>
File: bibliography/figure/LSTM/HN/predict_30_days.png Graphic file (type png)
<use bibliography/figure/LSTM/HN/predict_30_days.png>
Package pdftex.def Info: bibliography/figure/LSTM/HN/predict_30_days.png  used on input line 964.
(pdftex.def)             Requested size: 77.39685pt x 21.33723pt.

Underfull \hbox (badness 1859) in paragraph at lines 964--964
[]\T5/ptm/m/n/8 (a) HaNoi dü ^^_o¡n 30
 []

<bibliography/figure/LSTM/HN/predict_60_days.png, id=172, 1183.7826pt x 323.7696pt>
File: bibliography/figure/LSTM/HN/predict_60_days.png Graphic file (type png)
<use bibliography/figure/LSTM/HN/predict_60_days.png>
Package pdftex.def Info: bibliography/figure/LSTM/HN/predict_60_days.png  used on input line 967.
(pdftex.def)             Requested size: 77.39685pt x 21.16432pt.

Underfull \hbox (badness 1648) in paragraph at lines 967--967
[]\T5/ptm/m/n/8 (b) HaNoi dü ^^_o¡n 60
 []

<bibliography/figure/LSTM/HN/predict_90_days.png, id=173, 1183.7826pt x 323.7696pt>
File: bibliography/figure/LSTM/HN/predict_90_days.png Graphic file (type png)
<use bibliography/figure/LSTM/HN/predict_90_days.png>
Package pdftex.def Info: bibliography/figure/LSTM/HN/predict_90_days.png  used on input line 970.
(pdftex.def)             Requested size: 77.39685pt x 21.16432pt.

Underfull \hbox (badness 1859) in paragraph at lines 970--970
[]\T5/ptm/m/n/8 (c) HaNoi dü ^^_o¡n 90
 []

<bibliography/figure/LSTM/DN/predict_30_days.png, id=174, 1168.6059pt x 323.7696pt>
File: bibliography/figure/LSTM/DN/predict_30_days.png Graphic file (type png)
<use bibliography/figure/LSTM/DN/predict_30_days.png>
Package pdftex.def Info: bibliography/figure/LSTM/DN/predict_30_days.png  used on input line 973.
(pdftex.def)             Requested size: 77.39685pt x 21.44098pt.
<bibliography/figure/LSTM/DN/predict_60_days.png, id=175, 1168.6059pt x 323.7696pt>
File: bibliography/figure/LSTM/DN/predict_60_days.png Graphic file (type png)
<use bibliography/figure/LSTM/DN/predict_60_days.png>
Package pdftex.def Info: bibliography/figure/LSTM/DN/predict_60_days.png  used on input line 976.
(pdftex.def)             Requested size: 77.39685pt x 21.44098pt.
<bibliography/figure/LSTM/DN/predict_90_days.png, id=176, 1168.6059pt x 323.7696pt>
File: bibliography/figure/LSTM/DN/predict_90_days.png Graphic file (type png)
<use bibliography/figure/LSTM/DN/predict_90_days.png>
Package pdftex.def Info: bibliography/figure/LSTM/DN/predict_90_days.png  used on input line 979.
(pdftex.def)             Requested size: 77.39685pt x 21.44098pt.
<bibliography/figure/LSTM/VT/predict_30_days.png, id=177, 1167.8832pt x 323.7696pt>
File: bibliography/figure/LSTM/VT/predict_30_days.png Graphic file (type png)
<use bibliography/figure/LSTM/VT/predict_30_days.png>
Package pdftex.def Info: bibliography/figure/LSTM/VT/predict_30_days.png  used on input line 982.
(pdftex.def)             Requested size: 77.39685pt x 21.4558pt.
<bibliography/figure/LSTM/VT/predict_60_days.png, id=178, 1167.8832pt x 323.7696pt>
File: bibliography/figure/LSTM/VT/predict_60_days.png Graphic file (type png)
<use bibliography/figure/LSTM/VT/predict_60_days.png>
Package pdftex.def Info: bibliography/figure/LSTM/VT/predict_60_days.png  used on input line 985.
(pdftex.def)             Requested size: 77.39685pt x 21.4558pt.
<bibliography/figure/LSTM/VT/predict_90_days.png, id=179, 1167.8832pt x 323.7696pt>
File: bibliography/figure/LSTM/VT/predict_90_days.png Graphic file (type png)
<use bibliography/figure/LSTM/VT/predict_90_days.png>
Package pdftex.def Info: bibliography/figure/LSTM/VT/predict_90_days.png  used on input line 988.
(pdftex.def)             Requested size: 77.39685pt x 21.4558pt.

Underfull \hbox (badness 1552) in paragraph at lines 988--988
[]\T5/ptm/m/n/8 (i) Vi-et-Tri dü ^^_o¡n 90
 []



[9 <./bibliography/figure/RNN/HN/9_1.png> <./bibliography/figure/RNN/HN/8_2.png> <./bibliography/figure/RNN/HN/7_3.png> <./bibliography/figure/RNN/DN/9_1.png> <./bibliography/figure/RNN/DN/8_2.png> <./bibliography/figure/RNN/DN/7_3.png> <./bibliography/figure/RNN/VT/9_1.png> <./bibliography/figure/RNN/VT/8_2.png> <./bibliography/figure/RNN/VT/7_3.png>]
<bibliography/figure/RNN/HN/predict_30_days.png, id=192, 727.518pt x 245.718pt>
File: bibliography/figure/RNN/HN/predict_30_days.png Graphic file (type png)
<use bibliography/figure/RNN/HN/predict_30_days.png>
Package pdftex.def Info: bibliography/figure/RNN/HN/predict_30_days.png  used on input line 996.
(pdftex.def)             Requested size: 77.39685pt x 26.14046pt.

Underfull \hbox (badness 1859) in paragraph at lines 996--996
[]\T5/ptm/m/n/8 (a) HaNoi dü ^^_o¡n 30
 []

<bibliography/figure/RNN/HN/predict_60_days.png, id=193, 726.91576pt x 245.11575pt>
File: bibliography/figure/RNN/HN/predict_60_days.png Graphic file (type png)
<use bibliography/figure/RNN/HN/predict_60_days.png>
Package pdftex.def Info: bibliography/figure/RNN/HN/predict_60_days.png  used on input line 999.
(pdftex.def)             Requested size: 77.39685pt x 26.0951pt.

Underfull \hbox (badness 1648) in paragraph at lines 999--999
[]\T5/ptm/m/n/8 (b) HaNoi dü ^^_o¡n 60
 []

<bibliography/figure/RNN/HN/predict_90_days.png, id=194, 729.32475pt x 239.6955pt>
File: bibliography/figure/RNN/HN/predict_90_days.png Graphic file (type png)
<use bibliography/figure/RNN/HN/predict_90_days.png>
Package pdftex.def Info: bibliography/figure/RNN/HN/predict_90_days.png  used on input line 1002.
(pdftex.def)             Requested size: 77.39685pt x 25.43393pt.

Underfull \hbox (badness 1859) in paragraph at lines 1002--1002
[]\T5/ptm/m/n/8 (c) HaNoi dü ^^_o¡n 90
 []

<bibliography/figure/RNN/DN/predict_30_days.png, id=195, 727.518pt x 239.6955pt>
File: bibliography/figure/RNN/DN/predict_30_days.png Graphic file (type png)
<use bibliography/figure/RNN/DN/predict_30_days.png>
Package pdftex.def Info: bibliography/figure/RNN/DN/predict_30_days.png  used on input line 1005.
(pdftex.def)             Requested size: 77.39685pt x 25.49976pt.
<bibliography/figure/RNN/DN/predict_60_days.png, id=196, 723.9045pt x 244.5135pt>
File: bibliography/figure/RNN/DN/predict_60_days.png Graphic file (type png)
<use bibliography/figure/RNN/DN/predict_60_days.png>
Package pdftex.def Info: bibliography/figure/RNN/DN/predict_60_days.png  used on input line 1008.
(pdftex.def)             Requested size: 77.39685pt x 26.13918pt.
<bibliography/figure/RNN/DN/predict_90_days.png, id=197, 723.30225pt x 239.6955pt>
File: bibliography/figure/RNN/DN/predict_90_days.png Graphic file (type png)
<use bibliography/figure/RNN/DN/predict_90_days.png>
Package pdftex.def Info: bibliography/figure/RNN/DN/predict_90_days.png  used on input line 1011.
(pdftex.def)             Requested size: 77.39685pt x 25.64606pt.
<bibliography/figure/RNN/VT/predict_30_days.png, id=198, 726.91576pt x 240.9pt>
File: bibliography/figure/RNN/VT/predict_30_days.png Graphic file (type png)
<use bibliography/figure/RNN/VT/predict_30_days.png>
Package pdftex.def Info: bibliography/figure/RNN/VT/predict_30_days.png  used on input line 1014.
(pdftex.def)             Requested size: 77.39685pt x 25.64629pt.
<bibliography/figure/RNN/VT/predict_60_days.png, id=199, 728.7225pt x 245.11575pt>
File: bibliography/figure/RNN/VT/predict_60_days.png Graphic file (type png)
<use bibliography/figure/RNN/VT/predict_60_days.png>
Package pdftex.def Info: bibliography/figure/RNN/VT/predict_60_days.png  used on input line 1017.
(pdftex.def)             Requested size: 77.39685pt x 26.03151pt.
<bibliography/figure/RNN/VT/predict_90_days.png, id=200, 730.52925pt x 243.91125pt>
File: bibliography/figure/RNN/VT/predict_90_days.png Graphic file (type png)
<use bibliography/figure/RNN/VT/predict_90_days.png>
Package pdftex.def Info: bibliography/figure/RNN/VT/predict_90_days.png  used on input line 1020.
(pdftex.def)             Requested size: 77.39685pt x 25.84032pt.

Underfull \hbox (badness 1552) in paragraph at lines 1020--1020
[]\T5/ptm/m/n/8 (i) Vi-et-Tri dü ^^_o¡n 90
 []




Underfull \hbox (badness 10000) in paragraph at lines 1040--1041
[]\T5/ptm/m/n/8 Nguyen Anh Tuan, Le Anh Ngoc . ^^PAP-PLY-ING N-BEATS
 []


Underfull \hbox (badness 10000) in paragraph at lines 1040--1041
\T5/ptm/m/n/8 MODEL FOR SHORT-TERM LOAD FORE-CAST-ING IN
 []


Underfull \hbox (badness 2181) in paragraph at lines 1040--1041
\T5/ptm/m/n/8 VIET-NAM^^Q (2022). URL: $https : / / khcncongthuong . vn / tin-[]tuc / t18804 /
 []


Overfull \hbox (13.34402pt too wide) in paragraph at lines 1040--1041
\T5/ptm/m/n/8 ung-[]dung-[]mo-[]hinh-[]n-[]beats-[]cho-[]du-[]bao-[]phu-[]tai-[]dien-[]ngan-[]han-[]o-[]viet-[]nam .
 []


** Conference Paper **
Before submitting the final camera ready copy, remember to:

 1. Manually equalize the lengths of two columns on the last page
 of your paper;

 2. Ensure that any PostScript and/or PDF output post-processing
 uses only Type 1 fonts and that every step in the generation
 process uses the appropriate paper size.



[10 <./bibliography/figure/LSTM/HN/9_1.png> <./bibliography/figure/LSTM/HN/8_2.png> <./bibliography/figure/LSTM/HN/7_3.png> <./bibliography/figure/LSTM/DN/9_1.png> <./bibliography/figure/LSTM/DN/8_2.png> <./bibliography/figure/LSTM/DN/7_3.png> <./bibliography/figure/LSTM/VT/9_1.png> <./bibliography/figure/LSTM/VT/8_2.png> <./bibliography/figure/LSTM/VT/7_3.png> <./bibliography/figure/LSTM/HN/predict_30_days.png> <./bibliography/figure/LSTM/HN/predict_60_days.png> <./bibliography/figure/LSTM/HN/predict_90_days.png> <./bibliography/figure/LSTM/DN/predict_30_days.png> <./bibliography/figure/LSTM/DN/predict_60_days.png> <./bibliography/figure/LSTM/DN/predict_90_days.png> <./bibliography/figure/LSTM/VT/predict_30_days.png> <./bibliography/figure/LSTM/VT/predict_60_days.png> <./bibliography/figure/LSTM/VT/predict_90_days.png> <./bibliography/figure/RNN/HN/predict_30_days.png> <./bibliography/figure/RNN/HN/predict_60_days.png> <./bibliography/figure/RNN/HN/predict_90_days.png> <./bibliography/figure/RNN/DN/predict_30_days.png> <./bibliography/figure/RNN/DN/predict_60_days.png> <./bibliography/figure/RNN/DN/predict_90_days.png> <./bibliography/figure/RNN/VT/predict_30_days.png> <./bibliography/figure/RNN/VT/predict_60_days.png> <./bibliography/figure/RNN/VT/predict_90_days.png>] (conference_101719.aux)
 ***********
LaTeX2e <2024-11-01> patch level 2
L3 programming layer <2025-01-18>
 ***********


LaTeX Warning: There were multiply-defined labels.

 ) 
Here is how much of TeX's memory you used:
 19118 strings out of 473530
 389489 string characters out of 5714794
 830244 words of memory out of 5000000
 41979 multiletter control sequences out of 15000+600000
 636693 words of font info for 135 fonts, out of 8000000 for 9000
 1141 hyphenation exceptions out of 8191
 84i,11n,87p,1276b,356s stack positions out of 10000i,1000n,20000p,200000b,200000s
<C:/Users/Sangf/AppData/Local/Programs/MiKTeX/fonts/type1/public/amsfonts/cm/cmbx10.pfb><C:/Users/Sangf/AppData/Local/Programs/MiKTeX/fonts/type1/public/amsfonts/cm/cmex10.pfb><C:/Users/Sangf/AppData/Local/Programs/MiKTeX/fonts/type1/public/amsfonts/cm/cmmi10.pfb><C:/Users/Sangf/AppData/Local/Programs/MiKTeX/fonts/type1/public/amsfonts/cm/cmmi5.pfb><C:/Users/Sangf/AppData/Local/Programs/MiKTeX/fonts/type1/public/amsfonts/cm/cmmi7.pfb><C:/Users/Sangf/AppData/Local/Programs/MiKTeX/fonts/type1/public/amsfonts/cm/cmr10.pfb><C:/Users/Sangf/AppData/Local/Programs/MiKTeX/fonts/type1/public/amsfonts/cm/cmr5.pfb><C:/Users/Sangf/AppData/Local/Programs/MiKTeX/fonts/type1/public/amsfonts/cm/cmr7.pfb><C:/Users/Sangf/AppData/Local/Programs/MiKTeX/fonts/type1/public/amsfonts/cm/cmsy10.pfb><C:/Users/Sangf/AppData/Local/Programs/MiKTeX/fonts/type1/public/amsfonts/cm/cmsy5.pfb><C:/Users/Sangf/AppData/Local/Programs/MiKTeX/fonts/type1/public/amsfonts/cm/cmsy7.pfb><C:/Users/Sangf/AppData/Local/Programs/MiKTeX/fonts/type1/public/amsfonts/symbols/msbm10.pfb><C:/Users/Sangf/AppData/Local/Programs/MiKTeX/fonts/type1/vntex/urwvn/ucrr8v.pfb><C:/Users/Sangf/AppData/Local/Programs/MiKTeX/fonts/type1/vntex/urwvn/utmb8v.pfb><C:/Users/Sangf/AppData/Local/Programs/MiKTeX/fonts/type1/vntex/urwvn/utmbi8v.pfb><C:/Users/Sangf/AppData/Local/Programs/MiKTeX/fonts/type1/urw/times/utmr8a.pfb><C:/Users/Sangf/AppData/Local/Programs/MiKTeX/fonts/type1/vntex/urwvn/utmr8v.pfb><C:/Users/Sangf/AppData/Local/Programs/MiKTeX/fonts/type1/vntex/urwvn/utmri8v.pfb>
Output written on conference_101719.pdf (10 pages, 2608808 bytes).
PDF statistics:
 307 PDF objects out of 1000 (max. 8388607)
 0 named destinations out of 1000 (max. 500000)
 253 words of extra memory for PDF output out of 10000 (max. 10000000)

